<?xml version="1.0" encoding="UTF-8"?>
<!-- Generated by org.testng.reporters.JUnitReportReporter -->
<testsuite skipped="0" hostname="shaik-PC" name="com.selenium.tests.AppTest" tests="1" failures="0" timestamp="26 Jun 2018 07:59:21 GMT" time="20.487" errors="0">
  <testcase name="SeleniumTest" time="20.487" classname="com.selenium.tests.AppTest"/>
</testsuite> <!-- com.selenium.tests.AppTest -->
